Archivo: C:\Users\Fernando Hernandez\Desktop\ITQ\5to Semestre\Lenguajes y Automatas II\Evalua\prueba.cpp
Compilado: 02/09/2022 11:21:52 a. m.
# | caracter
include | identificador
< | operador_relacional
iostream | identificador
. | caracter
h | identificador
> | operador_relacional
# | caracter
include | identificador
< | operador_relacional
stdio | identificador
. | caracter
h | identificador
> | operador_relacional
# | caracter
include | identificador
< | operador_relacional
conio | identificador
. | caracter
h | identificador
> | operador_relacional
float | tipo_datos
resultado | identificador
; | fin_sentencia
int | tipo_datos
a | identificador
, | caracter
b | identificador
, | caracter
c | identificador
, | caracter
d | identificador
; | fin_sentencia
char | tipo_datos
opcion | identificador
; | fin_sentencia
float | tipo_datos
radio | identificador
, | caracter
altura | identificador
, | caracter
x | identificador
; | fin_sentencia
void | identificador
main | identificador
( | caracter
) | caracter
{ | caracter
printf | identificador
( | caracter
"radio: " | cadena
) | caracter
; | fin_sentencia
scanf | identificador
( | caracter
"%f" | cadena
) | caracter
; | fin_sentencia
printf | identificador
( | caracter
"altura: " | cadena
) | caracter
; | fin_sentencia
scanf | identificador
( | caracter
"%f" | cadena
) | caracter
; | fin_sentencia
printf | identificador
( | caracter
"volumen: " | cadena
) | caracter
; | fin_sentencia
if | condicion
( | caracter
radio | identificador
+ | operador_termino
10 | numero
> | operador_relacional
altura | identificador
* | operador_factor
200 | numero
) | caracter
{ | caracter
printf | identificador
( | caracter
"hola" | cadena
) | caracter
; | fin_sentencia
if | condicion
( | caracter
1 | numero
== | operador_relacional
1 | numero
) | caracter
{ | caracter
while | ciclo
( | caracter
4 | numero
== | operador_relacional
4 | numero
) | caracter
do | ciclo
{ | caracter
a | identificador
= | Asignacion
0 | numero
; | fin_sentencia
} | caracter
while | ciclo
( | caracter
6 | numero
== | operador_relacional
6 | numero
) | caracter
; | fin_sentencia
} | caracter
} | caracter
resultado Float 0
a Int 0
b Int 0
c Int 0
d Int 0
opcion Char 0
radio Float 0
altura Float 0
x Float 0
